  ELCVMatchToolDlg.cpp
c:\users\user\source\repos\fastest_image_pattern_matching\elcvmatchtool\elcvmatchtooldlg.cpp(991): warning C4244: 'argument': conversion from '_Tp' to '_Tp', possible loss of data
          with
          [
              _Tp=double
          ]
          and
          [
              _Tp=float
          ]
c:\users\user\source\repos\fastest_image_pattern_matching\elcvmatchtool\elcvmatchtooldlg.cpp(1332): warning C4244: 'initializing': conversion from 'double' to 'float', possible loss of data
c:\users\user\source\repos\fastest_image_pattern_matching\elcvmatchtool\elcvmatchtooldlg.cpp(1333): warning C4244: 'initializing': conversion from 'double' to 'float', possible loss of data
c:\users\user\source\repos\fastest_image_pattern_matching\elcvmatchtool\elcvmatchtooldlg.cpp(1454): warning C4244: 'initializing': conversion from 'double' to 'int', possible loss of data
c:\users\user\source\repos\fastest_image_pattern_matching\elcvmatchtool\elcvmatchtooldlg.cpp(1455): warning C4244: 'initializing': conversion from 'double' to 'int', possible loss of data
c:\users\user\source\repos\fastest_image_pattern_matching\elcvmatchtool\elcvmatchtooldlg.cpp(1456): warning C4244: 'initializing': conversion from 'double' to 'int', possible loss of data
c:\users\user\source\repos\fastest_image_pattern_matching\elcvmatchtool\elcvmatchtooldlg.cpp(1458): warning C4244: 'initializing': conversion from 'double' to 'int', possible loss of data
c:\users\user\source\repos\fastest_image_pattern_matching\elcvmatchtool\elcvmatchtooldlg.cpp(1460): warning C4244: 'argument': conversion from 'double' to '_Tp', possible loss of data
          with
          [
              _Tp=int
          ]
  ELCVMatchTool.vcxproj -> C:\OpenCV3.1\build2017_world\bin\Debug\ELCVMatchTool.exe
